<?xml version="1.0" encoding="UTF-8"?>
<!-- Generated by org.testng.reporters.JUnitReportReporter -->
<testsuite skipped="0" hostname="Maroposts-iMac-5.local" name="tests.MaropostEmailCampaignsTestCases" tests="5" failures="0" timestamp="05 Jul 2017 13:55:27 GMT" time="1126.623" errors="0">
  <testcase name="test_click_on_new_campaign_schedule_priority" time="151.024" classname="tests.MaropostEmailCampaignsTestCases"/>
  <testcase name="test_click_on_new_campaign_schedule_recurring" time="126.160" classname="tests.MaropostEmailCampaignsTestCases"/>
  <testcase name="test_verify_signin_section" time="48.683" classname="tests.MaropostEmailCampaignsTestCases"/>
  <testcase name="test_click_on_new_campaign_schedule_priority_without_Date" time="186.028" classname="tests.MaropostEmailCampaignsTestCases"/>
  <testcase name="test_click_on_new_AB_campaign" time="614.728" classname="tests.MaropostEmailCampaignsTestCases"/>
</testsuite> <!-- tests.MaropostEmailCampaignsTestCases -->
