<?xml version="1.0" encoding="UTF-8"?>
<!-- Generated by org.testng.reporters.JUnitReportReporter -->
<testsuite skipped="0" hostname="Maroposts-iMac-5.local" name="tests.MaropostEmailContactsTestCases" tests="2" failures="0" timestamp="04 Jul 2017 06:50:52 GMT" time="91.534" errors="0">
  <testcase name="test_verify_signin_section" time="88.068" classname="tests.MaropostEmailContactsTestCases"/>
  <testcase name="test_click_on_new_campaign_schedule_recurring" time="3.466" classname="tests.MaropostEmailContactsTestCases"/>
</testsuite> <!-- tests.MaropostEmailContactsTestCases -->
