<?xml version="1.0" encoding="UTF-8"?>
<!-- Generated by org.testng.reporters.JUnitReportReporter -->
<testsuite skipped="0" hostname="Maroposts-iMac-5.local" name="tests.MaropostEmailSegmentsTestCases" tests="2" failures="0" timestamp="04 Jul 2017 07:07:01 GMT" time="80.475" errors="0">
  <testcase name="test_verify_signin_section" time="52.079" classname="tests.MaropostEmailSegmentsTestCases"/>
  <testcase name="test_click_on_new_segment" time="28.396" classname="tests.MaropostEmailSegmentsTestCases"/>
</testsuite> <!-- tests.MaropostEmailSegmentsTestCases -->
